Determining if the pthread_create exist failed with the following output:
Change Dir: /home/marcin/Desktop/ProjektSK/Tahook/Server/build/CMakeFiles/CMakeTmp

Run Build Command:"/usr/bin/make" "cmTC_460ad/fast"
/usr/bin/make -f CMakeFiles/cmTC_460ad.dir/build.make CMakeFiles/cmTC_460ad.dir/build
make[1]: Entering directory '/home/marcin/Desktop/ProjektSK/Tahook/Server/build/CMakeFiles/CMakeTmp'
Building C object CMakeFiles/cmTC_460ad.dir/CheckSymbolExists.c.o
/usr/bin/cc    -o CMakeFiles/cmTC_460ad.dir/CheckSymbolExists.c.o   -c /home/marcin/Desktop/ProjektSK/Tahook/Server/build/CMakeFiles/CMakeTmp/CheckSymbolExists.c
Linking C executable cmTC_460ad
/usr/bin/cmake -E cmake_link_script CMakeFiles/cmTC_460ad.dir/link.txt --verbose=1
/usr/bin/cc      CMakeFiles/cmTC_460ad.dir/CheckSymbolExists.c.o  -o cmTC_460ad 
CMakeFiles/cmTC_460ad.dir/CheckSymbolExists.c.o: In function `main':
CheckSymbolExists.c:(.text+0x1b): undefined reference to `pthread_create'
collect2: error: ld returned 1 exit status
CMakeFiles/cmTC_460ad.dir/build.make:97: recipe for target 'cmTC_460ad' failed
make[1]: *** [cmTC_460ad] Error 1
make[1]: Leaving directory '/home/marcin/Desktop/ProjektSK/Tahook/Server/build/CMakeFiles/CMakeTmp'
Makefile:126: recipe for target 'cmTC_460ad/fast' failed
make: *** [cmTC_460ad/fast] Error 2

File /home/marcin/Desktop/ProjektSK/Tahook/Server/build/CMakeFiles/CMakeTmp/CheckSymbolExists.c:
/* */
#include <pthread.h>

int main(int argc, char** argv)
{
  (void)argv;
#ifndef pthread_create
  return ((int*)(&pthread_create))[argc];
#else
  (void)argc;
  return 0;
#endif
}

Determining if the function pthread_create exists in the pthreads failed with the following output:
Change Dir: /home/marcin/Desktop/ProjektSK/Tahook/Server/build/CMakeFiles/CMakeTmp

Run Build Command:"/usr/bin/make" "cmTC_18689/fast"
/usr/bin/make -f CMakeFiles/cmTC_18689.dir/build.make CMakeFiles/cmTC_18689.dir/build
make[1]: Entering directory '/home/marcin/Desktop/ProjektSK/Tahook/Server/build/CMakeFiles/CMakeTmp'
Building C object CMakeFiles/cmTC_18689.dir/CheckFunctionExists.c.o
/usr/bin/cc   -DCHECK_FUNCTION_EXISTS=pthread_create   -o CMakeFiles/cmTC_18689.dir/CheckFunctionExists.c.o   -c /usr/share/cmake-3.10/Modules/CheckFunctionExists.c
Linking C executable cmTC_18689
/usr/bin/cmake -E cmake_link_script CMakeFiles/cmTC_18689.dir/link.txt --verbose=1
/usr/bin/cc  -DCHECK_FUNCTION_EXISTS=pthread_create    CMakeFiles/cmTC_18689.dir/CheckFunctionExists.c.o  -o cmTC_18689 -lpthreads 
/usr/bin/ld: cannot find -lpthreads
collect2: error: ld returned 1 exit status
CMakeFiles/cmTC_18689.dir/build.make:97: recipe for target 'cmTC_18689' failed
make[1]: *** [cmTC_18689] Error 1
make[1]: Leaving directory '/home/marcin/Desktop/ProjektSK/Tahook/Server/build/CMakeFiles/CMakeTmp'
Makefile:126: recipe for target 'cmTC_18689/fast' failed
make: *** [cmTC_18689/fast] Error 2


